<?xml version="1.0" encoding="UTF-8"?>
<!-- Generated by org.testng.reporters.JUnitReportReporter -->
<testsuite hostname="LAPTOP-O84P5ERU" failures="0" tests="3" name="com.testcases.FacilityViewTests" time="162.384" errors="0" timestamp="24 Aug 2024 13:02:50 GMT" skipped="0">
  <testcase classname="com.testcases.FacilityViewTests" name="test2" time="54.422"/>
  <testcase classname="com.testcases.FacilityViewTests" name="test1" time="53.439"/>
  <testcase classname="com.testcases.FacilityViewTests" name="test1" time="54.523"/>
</testsuite> <!-- com.testcases.FacilityViewTests -->
